[32m2026-01-06 12:06:53 +0100[0m - dagster - [34mDEBUG[0m - __ASSET_JOB - fa51bab2-1d01-4b89-8cb6-08189bf715af - 1910856 - LOGS_CAPTURED - Started capturing logs in process (pid: 1910856).
[32m2026-01-06 12:06:53 +0100[0m - dagster - [34mDEBUG[0m - __ASSET_JOB - fa51bab2-1d01-4b89-8cb6-08189bf715af - 1910856 - cell_clump_corrected_cyto_segmentation - STEP_START - Started execution of step "cell_clump_corrected_cyto_segmentation".
[32m2026-01-06 12:06:53 +0100[0m - dagster - [34mDEBUG[0m - __ASSET_JOB - fa51bab2-1d01-4b89-8cb6-08189bf715af - cell_clump_corrected_cyto_segmentation - Loading 1 partitions...
[32m2026-01-06 12:06:53 +0100[0m - dagster - [34mDEBUG[0m - __ASSET_JOB - fa51bab2-1d01-4b89-8cb6-08189bf715af - cell_clump_corrected_cyto_segmentation - Loading partition BR00115126_A01_F001 from /home/vipink/Documents/dagster_imaging_workflow/preprocess_workflow/dagster_img_preprocess/.tmp_dagster_home_h3jglr7u/storage/clahe_corrected_cyto_channel/BR00115126_A01_F001 using PickledObjectFilesystemIOManager...
[32m2026-01-06 12:06:53 +0100[0m - dagster - [34mDEBUG[0m - __ASSET_JOB - fa51bab2-1d01-4b89-8cb6-08189bf715af - 1910856 - cell_clump_corrected_cyto_segmentation - LOADED_INPUT - Loaded input "clahe_corrected_cyto_channel" using input manager "io_manager", from output "result" of step "clahe_corrected_cyto_channel"
[32m2026-01-06 12:06:53 +0100[0m - dagster - [34mDEBUG[0m - __ASSET_JOB - fa51bab2-1d01-4b89-8cb6-08189bf715af - cell_clump_corrected_cyto_segmentation - Loading 1 partitions...
[32m2026-01-06 12:06:53 +0100[0m - dagster - [34mDEBUG[0m - __ASSET_JOB - fa51bab2-1d01-4b89-8cb6-08189bf715af - cell_clump_corrected_cyto_segmentation - Loading partition BR00115126_A01_F001 from /home/vipink/Documents/dagster_imaging_workflow/preprocess_workflow/dagster_img_preprocess/.tmp_dagster_home_h3jglr7u/storage/nuclear_labels/BR00115126_A01_F001 using PickledObjectFilesystemIOManager...
[32m2026-01-06 12:06:53 +0100[0m - dagster - [34mDEBUG[0m - __ASSET_JOB - fa51bab2-1d01-4b89-8cb6-08189bf715af - 1910856 - cell_clump_corrected_cyto_segmentation - LOADED_INPUT - Loaded input "nuclear_labels" using input manager "io_manager", from output "result" of step "nuclear_labels"
[32m2026-01-06 12:06:54 +0100[0m - dagster - [34mDEBUG[0m - __ASSET_JOB - fa51bab2-1d01-4b89-8cb6-08189bf715af - cell_clump_corrected_cyto_segmentation - Loading 1 partitions...
[32m2026-01-06 12:06:54 +0100[0m - dagster - [34mDEBUG[0m - __ASSET_JOB - fa51bab2-1d01-4b89-8cb6-08189bf715af - cell_clump_corrected_cyto_segmentation - Loading partition BR00115126_A01_F001 from /home/vipink/Documents/dagster_imaging_workflow/preprocess_workflow/dagster_img_preprocess/.tmp_dagster_home_h3jglr7u/storage/nuclear_mask/BR00115126_A01_F001 using PickledObjectFilesystemIOManager...
[32m2026-01-06 12:06:54 +0100[0m - dagster - [34mDEBUG[0m - __ASSET_JOB - fa51bab2-1d01-4b89-8cb6-08189bf715af - 1910856 - cell_clump_corrected_cyto_segmentation - LOADED_INPUT - Loaded input "nuclear_mask" using input manager "io_manager", from output "result" of step "nuclear_mask"
[32m2026-01-06 12:06:54 +0100[0m - dagster - [34mDEBUG[0m - __ASSET_JOB - fa51bab2-1d01-4b89-8cb6-08189bf715af - cell_clump_corrected_cyto_segmentation - Loading 1 partitions...
[32m2026-01-06 12:06:54 +0100[0m - dagster - [34mDEBUG[0m - __ASSET_JOB - fa51bab2-1d01-4b89-8cb6-08189bf715af - cell_clump_corrected_cyto_segmentation - Loading partition BR00115126_A01_F001 from /home/vipink/Documents/dagster_imaging_workflow/preprocess_workflow/dagster_img_preprocess/.tmp_dagster_home_h3jglr7u/storage/nucleus_seeded_cyto_segmentation/BR00115126_A01_F001 using PickledObjectFilesystemIOManager...
[32m2026-01-06 12:06:54 +0100[0m - dagster - [34mDEBUG[0m - __ASSET_JOB - fa51bab2-1d01-4b89-8cb6-08189bf715af - 1910856 - cell_clump_corrected_cyto_segmentation - LOADED_INPUT - Loaded input "nucleus_seeded_cyto_segmentation" using input manager "io_manager", from output "result" of step "nucleus_seeded_cyto_segmentation"
[32m2026-01-06 12:06:54 +0100[0m - dagster - [34mDEBUG[0m - __ASSET_JOB - fa51bab2-1d01-4b89-8cb6-08189bf715af - 1910856 - cell_clump_corrected_cyto_segmentation - STEP_INPUT - Got input "clahe_corrected_cyto_channel" of type "ndarray". (Type check passed).
[32m2026-01-06 12:06:54 +0100[0m - dagster - [34mDEBUG[0m - __ASSET_JOB - fa51bab2-1d01-4b89-8cb6-08189bf715af - 1910856 - cell_clump_corrected_cyto_segmentation - STEP_INPUT - Got input "nuclear_labels" of type "ndarray". (Type check passed).
[32m2026-01-06 12:06:54 +0100[0m - dagster - [34mDEBUG[0m - __ASSET_JOB - fa51bab2-1d01-4b89-8cb6-08189bf715af - 1910856 - cell_clump_corrected_cyto_segmentation - STEP_INPUT - Got input "nuclear_mask" of type "ndarray". (Type check passed).
[32m2026-01-06 12:06:54 +0100[0m - dagster - [34mDEBUG[0m - __ASSET_JOB - fa51bab2-1d01-4b89-8cb6-08189bf715af - 1910856 - cell_clump_corrected_cyto_segmentation - STEP_INPUT - Got input "nucleus_seeded_cyto_segmentation" of type "ndarray". (Type check passed).
[32m2026-01-06 12:08:29 +0100[0m - dagster - [34mDEBUG[0m - __ASSET_JOB - fa51bab2-1d01-4b89-8cb6-08189bf715af - 1910856 - cell_clump_corrected_cyto_segmentation - STEP_OUTPUT - Yielded output "result" of type "ndarray". (Type check passed).
[32m2026-01-06 12:08:29 +0100[0m - dagster - [34mDEBUG[0m - __ASSET_JOB - fa51bab2-1d01-4b89-8cb6-08189bf715af - cell_clump_corrected_cyto_segmentation - Writing file at: /home/vipink/Documents/dagster_imaging_workflow/preprocess_workflow/dagster_img_preprocess/.tmp_dagster_home_h3jglr7u/storage/cell_clump_corrected_cyto_segmentation/BR00115126_A01_F001 using PickledObjectFilesystemIOManager...
[32m2026-01-06 12:08:29 +0100[0m - dagster - [34mDEBUG[0m - __ASSET_JOB - fa51bab2-1d01-4b89-8cb6-08189bf715af - 1910856 - cell_clump_corrected_cyto_segmentation - ASSET_MATERIALIZATION - Materialized value cell_clump_corrected_cyto_segmentation.
[32m2026-01-06 12:08:29 +0100[0m - dagster - [34mDEBUG[0m - __ASSET_JOB - fa51bab2-1d01-4b89-8cb6-08189bf715af - 1910856 - cell_clump_corrected_cyto_segmentation - HANDLED_OUTPUT - Handled output "result" using IO manager "io_manager"
[32m2026-01-06 12:08:29 +0100[0m - dagster - [34mDEBUG[0m - __ASSET_JOB - fa51bab2-1d01-4b89-8cb6-08189bf715af - 1910856 - cell_clump_corrected_cyto_segmentation - STEP_SUCCESS - Finished execution of step "cell_clump_corrected_cyto_segmentation" in 1m36s.
